<?xml version="1.0" encoding="UTF-8"?>
<testsuite xmlns:xsi="http://www.w3.org/2001/XMLSchema-instance" xsi:noNamespaceSchemaLocation="https://maven.apache.org/surefire/maven-surefire-plugin/xsd/surefire-test-report-3.0.xsd" version="3.0" name="com.jnuit5.maven.project.ShapesTest" time="0.108" tests="2" errors="0" skipped="0" failures="1">
  <properties>
[...]
</properties>
  <testcase name="testAreaOfCircle" classname="com.jnuit5.maven.project.ShapesTest" time="0.057">
    <failure message="Area of Circle is Wrong for input value 8 the excepted value should be 200.96 ==&gt; expected: &lt;75.0&gt; but was: &lt;200.96&gt;" type="org.opentest4j.AssertionFailedError"><![CDATA[org.opentest4j.AssertionFailedError: Area of Circle is Wrong for input value 8 the excepted value should be 200.96 ==> expected: <75.0> but was: <200.96>
	at org.junit.jupiter.api.AssertionFailureBuilder.build(AssertionFailureBuilder.java:151)
	at org.junit.jupiter.api.AssertionFailureBuilder.buildAndThrow(AssertionFailureBuilder.java:132)
	at org.junit.jupiter.api.AssertEquals.failNotEqual(AssertEquals.java:197)
	at org.junit.jupiter.api.AssertEquals.assertEquals(AssertEquals.java:70)
	at org.junit.jupiter.api.Assertions.assertEquals(Assertions.java:925)
	at com.jnuit5.maven.project.ShapesTest.testAreaOfCircle(ShapesTest.java:15)
	at java.base/java.lang.reflect.Method.invoke(Method.java:580)
	at java.base/java.util.ArrayList.forEach(ArrayList.java:1597)
	at java.base/java.util.ArrayList.forEach(ArrayList.java:1597)
]]></failure>
  </testcase>
  <testcase name="testAreaOfSquare" classname="com.jnuit5.maven.project.ShapesTest" time="0.002"/>
</testsuite>